160
4 28 5 15 19
4 35 20 34 60
4 93 61 147 175
4 97 181 187 193
4 190 199 208 219
4 196 231 236 240
4 197 249 258 271
4 252 273 277 288
4 286 292 311 320
4 333 3 6 8
4 369 10 13 18
4 420 23 24 31
4 423 55 65 71
4 441 89 90 91
4 12 121 99 105
4 33 149 117 123
4 47 159 139 162
4 165 163 177 180
4 300 201 188 192
4 326 235 203 214
4 482 242 218 225
4 1 360 230 263
4 14 396 268 276
4 21 387 278 283
4 256 394 294 302
4 279 391 328 336
4 299 353 345 348
4 306 430 351 362
4 315 388 364 375
4 322 407 16 22
4 330 392 25 26
4 421 397 27 29
4 454 474 32 36
4 7 455 40 41
4 17 44 70 45
4 86 445 46 50
4 154 409 54 56
4 189 66 76 59
4 212 463 69 78
4 334 101 79 80
4 352 48 81 92
4 358 144 95 100
4 414 38 104 106
4 492 439 107 109
4 11 141 112 114
4 64 371 115 116
4 72 324 124 119
4 73 356 128 129
4 120 467 136 132
4 156 111 138 148
4 158 213 151 152
4 170 412 160 153
4 182 399 172 164
4 266 108 174 185
4 301 472 204 186
4 319 329 195 198
4 337 350 2 4
4 410 298 9 30
4 443 473 245 37
4 462 52 39 42
3 484 0 43
3 495 486 49
3 113 400 200
3 155 166 51
3 210 261 85
3 221 431 295
3 234 264 74
3 310 429 247
3 376 452 53
3 434 367 217
3 448 433 126
3 451 424 269
3 475 437 77
3 385 438 498
3 405 384 118
3 419 251 274
3 499 244 259
3 403 442 282
3 422 449 332
3 427 207 280
3 444 226 289
3 447 237 363
3 459 285 341
3 497 254 347
3 233 284 373
3 267 325 401
3 304 339 490
3 307 372 453
3 359 378 395
3 361 411 468
3 365 460 57
3 377 58 62
3 379 63 67
3 390 68 75
3 425 82 83
3 432 84 87
3 446 88 96
3 450 98 102
3 461 122 130
3 494 125 127
3 94 131 133
3 103 134 135
3 110 137 140
3 142 143 145
3 146 150 157
3 161 167 168
3 169 171 173
3 176 178 179
3 183 184 191
3 194 202 206
3 205 209 215
3 211 216 222
3 220 223 224
3 227 228 229
3 232 238 239
3 241 243 246
3 248 250 253
3 255 257 260
3 262 265 270
3 272 275 287
2 281 290
2 291 293
2 296 297
2 303 305
2 308 309
2 312 313
2 314 316
2 317 321
2 318 323
2 327 331
2 335 338
2 340 342
2 343 344
2 346 349
2 354 355
2 357 366
2 368 370
2 374 380
2 381 383
2 382 386
2 389 393
2 398 402
2 404 406
2 408 413
2 415 416
2 417 418
2 426 428
2 435 436
2 440 456
2 457 458
2 464 465
2 466 469
2 470 471
2 476 477
2 478 479
2 480 481
2 483 485
2 487 488
2 489 491
2 493 496
