1628
4 5357 5121 6404 5913
4 8148 8785 6255 421
4 2589 5583 6584 3629
4 9906 3987 7710 5231
4 1737 7529 8197 4386
4 2094 9487 8754 5796
4 6735 2395 1756 998
4 2584 6312 8873 6655
4 2861 59 7569 2489
4 7923 6632 5515 7262
4 7704 7444 5905 7796
4 9612 8452 398 8407
4 820 604 9213 1248
4 1729 9004 8603 6459
4 7549 7064 9529 4233
4 4848 6839 8189 8733
4 5886 8437 9354 3904
4 1524 8479 5744 3015
4 4449 4574 6476 3626
4 4318 4100 1287 9620
4 9483 6823 5416 1423
4 7108 9383 4644 4004
4 2545 5427 9618 370
4 3697 973 7792 5363
4 1396 2155 453 4863
4 9131 847 2061 8004
4 4041 9247 2687 2222
4 6668 7168 44 1561
4 3135 4631 2843 8284
4 1492 7100 2117 2935
4 2752 3505 4036 3715
4 5570 9765 3273 7936
4 461 2932 1385 752
4 8775 8287 3295 674
4 6640 2345 5918 8591
4 8854 9813 4695 666
4 5616 2096 6639 5001
4 3420 9888 7525 4106
4 1556 5090 2331 2598
4 5251 3825 1114 4670
4 6762 4147 8689 6196
4 1677 9959 948 2246
4 1081 8384 6756 6613
4 5592 683 864 8240
4 8119 3484 4473 3942
4 1388 8320 7369 132
4 9818 5989 876 7577
4 5526 8911 7515 4090
4 4194 5052 936 7819
4 5083 3149 9128 2968
4 5211 8585 2819 8392
4 2459 8777 8814 3656
4 962 7290 8991 2499
4 7863 3176 684 110
4 2723 7950 7939 3678
4 7368 2728 3457 1491
4 8837 2196 9256 8636
4 7208 7101 2212 5791
4 371 9614 714 9965
4 281 63 8641 2064
4 4808 9267 1101 3302
4 6240 2548 5651 9019
4 5602 7259 5042 1013
4 2475 9894 4579 4430
4 4916 3024 3765 4405
4 7834 839 3647 4685
4 5048 1071 2008 4961
4 7945 6170 3795 2124
4 7198 5945 8152 7937
4 1004 1233 9986 2228
4 1115 6677 5046 443
4 3272 9295 336 8058
4 384 7927 854 2922
4 2141 6782 6495 1830
4 7104 2070 1707 7201
4 1734 5101 818 4957
4 4702 7409 7135 8639
4 5773 1341 976 8612
4 2115 49 6702 7757
4 1164 7202 7825 3499
4 1214 7896 5653 4886
4 2080 9307 9568 4917
4 7540 7961 5214 82
4 2558 8063 6107 4964
4 4788 3463 1146 9305
4 6381 5982 4983 2274
4 4509 3792 3047 71
4 6176 5772 8338 3309
4 7313 2964 4135 5310
4 5295 3566 3096 7136
4 7595 7305 887 7543
4 3607 3293 1988 7516
4 3940 6252 5713 3896
4 4874 636 6168 9866
4 2727 9433 7551 8608
4 1353 1851 4925 4637
4 3228 9527 8485 6550
4 1210 1671 3437 3114
4 4322 5625 4940 8745
4 4240 8322 4406 4185
4 1203 9129 9795 5219
4 6935 1955 594 9552
4 7145 1812 1934 5873
4 7 47 4131 4235
4 8116 4141 3142 4167
4 5383 2259 7326 4619
4 7579 8465 2456 8851
4 1322 1450 9690 723
4 7359 1094 766 727
4 9 3686 532 8803
4 3042 1713 9946 9539
4 7231 4655 8387 3072
4 1742 2686 3519 3357
4 5006 4074 1895 3196
4 5652 5494 8736 8250
4 7583 9263 4374 7083
4 2962 6129 7088 2293
4 4561 9525 1050 4657
4 7715 8553 3844 5904
4 2481 6957 7032 4112
4 4847 2726 8332 7308
4 4475 62 1568 6178
4 2759 7447 8767 2982
4 4102 9235 9917 859
4 9532 954 213 6882
4 2736 7196 2342 7648
4 1946 3337 4076 9196
4 8375 1591 8010 9747
4 4320 5163 2060 4638
4 2045 6611 2652 7545
4 6547 5777 8193 8644
4 9063 1418 3689 2749
4 1724 9106 1433 3889
4 7725 3170 9966 6534
4 850 992 3648 6571
4 2340 4402 3155 3781
4 5172 3672 5686 8397
4 9119 6913 4912 3257
4 2544 201 120 9576
4 4490 5729 7851 2642
4 4995 6558 6567 1621
4 586 3542 7451 2085
4 3775 8601 2628 7814
4 3757 8478 1763 2036
4 8626 9344 6038 2213
4 7494 5156 2323 58
4 2828 3112 774 2300
4 4139 2862 2870 7445
4 7643 3593 6537 3840
4 4550 7464 4244 8138
4 5931 328 9542 4150
4 7148 403 9302 3708
4 8186 2795 6467 6147
4 676 4058 7862 3475
4 6134 6927 4044 8865
4 3376 1383 4390 3451
4 18 4959 8187 2305
4 2308 4480 9713 7079
4 8997 8267 9559 4837
4 9151 8242 3869 8233
4 9275 5081 11 8115
4 2814 5366 9243 7673
4 7316 6171 5845 1160
4 9900 9320 9528 446
4 8259 8849 7166 1839
4 1711 8506 3950 3842
4 5609 333 8286 2267
4 7703 2123 3583 1936
4 778 8079 7385 1049
4 8616 2160 2243 245
4 9873 7944 9374 8430
4 3526 5540 1552 654
4 8094 6359 6777 7267
4 1136 1509 4284 3106
4 2313 3126 6050 9605
4 5096 3913 8101 9921
4 2023 5854 7008 9289
4 6123 2985 8509 3618
4 8167 7953 1767 6580
4 5359 7522 2944 3899
4 9514 7726 373 4498
4 5136 8036 7466 8701
4 5324 2282 8367 2920
4 687 6300 5209 1845
4 4551 9784 2535 8697
4 4902 3745 5665 9111
4 706 2817 5622 1359
4 6842 5919 65 9942
4 1231 2203 3632 177
4 6481 9722 8721 6313
4 1427 4690 4965 7026
4 2674 8348 463 6582
4 3253 5600 9340 9283
4 7922 2994 1096 3083
4 6060 9856 8563 6985
4 2718 6638 7700 7050
4 6989 9649 7920 8026
4 9732 1817 8047 8346
4 593 4516 9691 8253
4 3002 7212 7756 2364
4 4151 8834 522 1701
4 780 1357 6477 1344
4 1996 2572 251 4352
4 2941 8839 1861 3485
4 3229 9778 103 1085
4 2619 1372 2802 745
4 6329 9366 7209 2571
4 9252 717 3368 6363
4 1336 3356 3443 7489
4 4137 9443 5962 565
4 4951 9751 9968 4582
4 2009 6316 9779 6426
4 709 2112 8811 2647
4 4351 5891 67 9123
4 6602 1976 8477 332
4 2351 8751 645 6
4 5909 2905 257 8947
4 6994 9154 4477 5492
4 7119 7330 2536 9325
4 8199 1202 9365 1001
4 1340 4259 3089 9166
4 5793 7629 5239 8003
4 9124 2095 214 5593
4 171 7671 4293 5244
4 7981 9546 4134 9974
4 8614 9806 188 2957
4 1510 2162 3214 4222
4 1787 7911 5544 1800
4 3379 3496 5733 6188
4 4884 60 750 8200
4 6415 5149 2776 877
4 9585 3062 9363 7613
4 4357 9545 8163 4557
4 9629 3308 9930 9511
4 1820 1717 1061 5330
4 4867 6914 6297 5488
4 6666 8923 924 4727
4 8501 8779 1740 7934
4 8529 8835 1975 7391
4 5236 7057 8658 5518
4 6956 1747 8470 5332
4 1505 8040 1364 9962
4 4711 1249 5970 2265
4 5991 296 3579 3223
4 6342 1883 4977 2245
4 321 7439 2575 4717
4 1351 1564 3473 4696
4 8651 8168 3834 1965
4 3730 7677 9419 1522
4 3750 4415 9271 9426
4 4331 4161 5728 7415
4 8431 7210 5553 1743
4 3120 8990 9341 2509
4 4572 7153 8056 2043
4 5529 7647 5683 5758
4 7344 7699 5074 791
4 8915 6616 5720 301
4 5028 5131 9397 7250
4 5808 4870 6738 8487
4 8449 7972 902 3087
4 9550 2573 1673 8418
4 5835 264 8866 3845
4 8579 631 96 8702
4 767 6627 7824 55
4 1714 6419 6309 3655
4 6042 2089 2809 773
4 6273 1178 3137 1912
4 9569 5155 4960 8607
4 1200 797 407 9572
4 1523 3306 385 3673
4 2952 8548 9566 7748
4 3830 6742 6377 1508
4 6144 4367 6226 3271
4 197 1636 3167 9797
4 1889 8625 1429 9853
4 7524 6410 730 6058
4 9626 8659 8132 1948
4 2055 5610 4649 278
4 3978 9250 9718 3557
4 6336 4079 8677 1998
4 9048 4600 6198 1483
4 1476 1810 5864 2612
4 3905 3791 8940 7436
4 5375 7155 884 6747
4 6192 4861 7567 8183
4 1228 6769 6384 513
4 2486 9689 4043 2353
4 3870 875 8671 3001
4 4524 9952 5308 9843
4 4200 9265 3367 85
4 283 9746 1821 4474
4 6028 9078 7443 4617
4 8707 3944 2000 9755
4 3 7253 8172 1853
4 3857 1587 4179 4527
4 5476 7302 2912 3278
4 9871 6662 7118 9507
4 5170 7880 8204 4607
4 6010 7412 7095 263
4 432 4532 5849 3736
4 1140 8453 5803 3997
4 8297 4706 8442 8964
4 836 1040 1378 5207
4 915 6012 3028 3518
4 6578 6110 3885 1253
4 1720 464 5203 2927
4 4469 995 7603 7319
4 6146 7978 4307 8929
4 6483 1708 7296 9695
4 6981 7696 3248 7678
4 7103 5197 6320 5278
4 8683 8670 3022 3037
4 3728 634 8692 2585
4 1224 4883 7618 1684
4 3508 4871 8750 7617
4 6757 6444 2877 4975
4 1037 1542 8328 8932
4 4565 6498 3362 1154
4 6370 3561 3877 9880
4 8722 8895 7861 4038
4 1073 1681 2566 5902
4 5174 1923 3511 2592
4 9908 2937 9464 5547
4 1117 1152 6296 6367
4 1526 7536 4668 6605
4 2939 5785 7759 1116
4 3375 137 1261 9961
4 4786 1484 3892 2798
4 9359 2627 5462 7238
4 559 4361 2600 5823
4 4439 1571 8956 846
4 8524 520 7463 9599
4 2488 4521 923 8637
4 7870 8874 4946 3055
4 4292 17 56 5941
4 3853 916 172 9197
4 7823 5503 3107 2185
4 8466 9425 1833 970
4 3544 6231 6389 7178
4 5341 1712 3769 5839
4 6656 6577 1430 9014
4 7041 1726 8239 1570
4 9769 6938 5446 174
4 9849 7255 9350 1197
4 1361 5441 6965 2106
4 5705 9907 145 9984
4 6220 297 5151 5378
4 8527 2368 6715 556
4 5998 3050 7740 451
4 529 1234 9168 525
4 760 7130 9092 8714
4 5548 688 6856 8516
4 7215 5563 2165 3134
4 10 4604 1122 738
4 5250 1765 3746 208
4 7363 2716 164 480
4 844 4663 4731 7778
4 3516 9741 2221 4093
4 3969 1601 1487 6526
4 8363 6540 9594 9246
4 8931 5118 7218 6205
4 5271 1827 6752 8059
4 5649 5579 3540 6680
4 6583 1963 2484 9182
4 912 9597 926 6364
4 2766 7624 1589 8044
4 5325 7839 139 7346
4 6266 7518 3691 5056
4 9895 3104 7149 5574
4 2407 5007 6396 6133
4 9121 9161 5899 117
4 2007 8673 4230 5013
4 2295 5017 8161 2125
4 2649 9450 8650 6645
4 3258 7558 9214 7499
4 4491 6052 2848 3608
4 4990 5875 6149 3828
4 8081 8833 6451 5627
4 1648 1015 642 3973
4 5948 628 3674 7151
4 211 4126 28 2127
4 2804 9390 2309 8305
4 4627 8824 2879 4859
4 7152 8198 3029 9471
4 7692 6623 5879 7752
4 8293 8617 6102 2836
4 87 2590 9135 178
4 1010 7204 6721 1847
4 2555 656 2811 7983
4 1825 9588 3527 6215
4 3276 7318 1876 2516
4 3932 6157 8609 6443
4 8247 1866 289 9719
4 9490 7278 8653 4671
4 597 900 1943 931
4 1735 6256 3692 6350
4 2872 4555 4650 2226
4 6036 7954 1464 3239
4 6731 9580 9776 1888
4 8606 9414 1620 5487
4 206 3677 1056 3808
4 3480 1856 1819 7375
4 5513 2538 3132 7475
4 6193 9852 9637 1129
4 9286 4522 4496 1311
4 1159 2697 5061 307
4 5824 6703 7888 9499
4 8652 6685 6206 1632
4 590 5981 8468 6152
4 1393 6531 3092 2732
4 4170 5815 8134 7734
4 8578 3891 5559 834
4 9382 1877 6984 9238
4 4573 8434 1994 236
4 9276 124 5094 9730
4 1205 8258 6053 53
4 2999 9241 7413 1718
4 4792 4054 6741 6932
4 5058 1260 8967 1874
4 6111 7764 2428 7777
4 151 8342 3895 8537
4 4933 7105 2190 4091
4 7875 142 6651 6676
4 8684 3573 7406 9748
4 9407 4725 3980 4857
4 290 7542 2020 3839
4 589 253 6628 3802
4 1562 9530 7361 1704
4 1642 9675 7610 3297
4 2705 6228 1884 1440
4 4997 9326 4611 4661
4 9799 9714 4381 9376
4 2091 4865 4442 4875
4 4055 9602 2854 7512
4 4814 8035 735 2461
4 6306 4636 9761 6366
4 9165 5710 4703 7659
4 5371 7884 3558 4692
4 5418 1837 8907 6557
4 2490 4592 4989 540
4 4774 7219 2254 1282
4 7993 3924 8123 1595
4 8032 2241 1445 2765
4 9864 5235 7526 7074
4 5644 7286 9016 5794
4 6155 6849 4187 7003
4 362 4066 4363 4716
4 648 4926 7090 8176
4 3912 8423 2006 9456
4 5044 898 9976 4904
4 5517 5035 2400 4559
4 2565 6326 3498 9896
4 2887 6827 6733 2806
4 3654 3945 5916 358
4 4506 9523 6365 3567
4 7662 7841 1406 9650
4 1023 4771 4089 4656
4 3531 7594 4410 6794
4 3553 7733 1467 6289
4 5020 1598 4064 960
4 5671 8241 9922 8432
4 534 5530 2081 5205
4 6380 7037 1332 6076
4 6976 4773 7382 2320
4 1339 7374 5474 909
4 2457 8333 1533 404
4 3422 9453 3704 6988
4 5389 210 1471 1723
4 6673 3906 6436 5336
4 4412 9220 5551 2907
4 5355 7683 4011 7419
4 7356 147 2375 2783
4 7432 4879 622 5489
4 8597 1422 8861 146
4 9368 5898 9988 8898
4 3760 6361 7785 3323
4 6800 9468 7914 9848
4 33 1584 4478 7426
4 489 8019 4639 8376
4 689 4720 2389 2401
4 4495 6857 9561 8894
4 1609 4375 8938 9361
4 3718 5457 6490 9879
4 5178 8153 7821 1930
4 6514 6528 4766 2462
4 6778 7818 7592 9043
4 8715 3145 8889 8425
4 2381 1021 4452 9072
4 5086 7249 396 2260
4 5633 8845 4026 3966
4 7534 3582 9726 8043
4 7768 3914 2129 8679
4 7943 3882 7230 3983
4 8648 4057 1529 3244
4 737 6340 8150 5461
4 2398 9703 5085 835
4 2874 5869 9684 3559
4 3617 6784 9192 8823
4 5856 7175 39 7013
4 7310 5255 7596 7530
4 3595 6202 6016 947
4 150 4953 7990 3153
4 1512 3299 5865 3188
4 1922 5467 3339 8712
4 3352 9631 9971 5901
4 5776 635 9122 5531
4 6208 8954 5556 9549
4 6585 1952 9143 5920
4 6870 7917 3371 2191
4 8299 1090 804 7010
4 198 3749 8325 4202
4 5380 7770 45 711
4 9222 4467 7454 9667
4 1886 6649 7956 7480
4 3985 6466 7116 8746
4 4823 32 4704 170
4 4907 5724 3136 6705
4 5522 6834 5832 2134
4 9429 5615 8682 3564
4 359 9802 7689 1100
4 512 1507 149 1347
4 3075 8519 4640 2343
4 7966 8238 6184 3694
4 9062 9221 9183 4514
4 1822 4124 4016 3641
4 3129 9091 7186 4208
4 6724 2277 6700 8276
4 9606 4887 1761 6421
4 9734 300 9173 3121
4 9828 5756 313 7876
4 678 2924 5896 5566
4 3011 1382 6873 5908
4 3428 7809 3811 8264
4 7220 7221 3991 2167
4 9868 2707 1256 3322
4 2148 6243 6811 1044
4 6574 5047 6553 9891
4 7731 6203 2024 849
4 7970 8196 7964 8908
4 0 2672 2198 3020
4 4465 6160 5164 4949
4 5451 5939 2495 2983
4 5584 6446 2467 8632
4 6264 6637 6015 9096
4 8263 9573 8562 7975
4 471 1047 1593 611
4 2278 5954 3724 5362
4 6248 6681 4659 3818
4 9459 9299 7424 6903
4 1908 4335 7984 6017
4 4708 6522 6596 4340
4 5166 1199 9583 1157
4 5277 2875 9068 6942
4 6659 9978 8222 3127
4 8027 8517 4286 8133
4 8752 5947 5860 4419
4 9752 9987 4992 1181
4 1174 5657 5721 8711
4 6726 2367 2337 4511
4 7386 1569 3203 6022
4 9996 9633 7727 8801
4 1179 9328 5240 5449
4 3681 6648 3226 541
4 4215 7425 7384 2506
4 5040 6719 1668 1106
4 9210 2062 1616 9836
4 433 5173 514 6492
4 708 5763 7521 562
4 1411 3412 8143 1751
4 6112 5836 9721 8828
4 9038 3517 1840 6713
4 4790 5536 6351 3031
4 7509 1381 2296 4052
4 825 6478 8210 8202
4 2702 5157 8696 5872
4 3563 4456 1400 3004
4 3894 5813 204 355
4 6246 8160 968 8810
4 7500 2601 4092 8919
4 2025 5496 8864 4206
4 7555 8413 608 5730
4 8667 8863 8336 2954
4 9486 3105 2033 1409
4 889 9920 2120 7729
4 1768 465 7633 430
3 4359 4188 4958
3 7877 4742 6275
3 8139 5198 8031
3 70 4801 3809
3 1012 2159 7995
3 1535 4228 3926
3 2329 6280 3596
3 2437 234 1843
3 3330 6864 4943
3 6051 5368 8006
3 7751 9935 955
3 8876 9995 9028
3 8977 1321 4858
3 240 3972 1750
3 530 9198 1062
3 919 456 131
3 2578 5606 5751
3 3235 270 4000
3 3657 9519 3311
3 6263 2746 7924
3 6960 1640 978
3 9269 500 8215
3 9418 8089 7397
3 431 5082 9768
3 6576 7614 9187
3 8454 9600 9716
3 97 6008 5986
3 372 2604 2193
3 620 5208 9699
3 1330 2072 6161
3 1939 439 8401
3 2661 2786 6097
3 2762 2977 8447
3 2949 9201 4534
3 3939 4046 6003
3 6698 9332 5245
3 6964 9584 4942
3 8137 1980 4798
3 9446 9538 1519
3 9767 3956 7991
3 136 2102 9656
3 673 4301 1475
3 1036 1259 8180
3 1744 2632 7663
3 4796 9431 2514
3 5191 1796 2772
3 6761 6824 6565
3 6890 6835 37
3 7170 2713 6137
3 9086 885 4221
3 2694 183 3212
3 3590 7407 956
3 5482 8822 9413
3 6844 1961 3370
3 7457 2074 1318
3 9398 1649 6197
3 9944 3344 7895
3 24 2595 3060
3 2399 4104 6809
3 3280 8252 1279
3 6352 6121 7800
3 8326 1694 5752
3 8383 4238 7586
3 8435 5732 7812
3 8568 86 9855
3 2207 2891 4596
3 3793 4777 9083
3 4387 4635 5666
3 4502 6887 3364
3 6450 9075 8314
3 6463 5994 1538
3 7674 2881 4783
3 7881 4839 457
3 8037 1546 1983
3 8859 1755 8815
3 2297 3822 7724
3 2953 6972 7320
3 6302 7461 7554
3 7471 4358 756
3 9036 6963 6959
3 458 3543 487
3 602 8900 9094
3 4248 4595 9009
3 4400 2903 4339
3 5168 7357 8093
3 5897 7362 2144
3 7410 2608 6915
3 335 2149 462
3 2210 3052 1371
3 2596 4399 7206
3 3141 4434 9047
3 3951 7094 9215
3 4116 8353 8930
3 5024 6311 2785
3 6471 6506 2741
3 7387 801 9564
3 8766 2610 2859
3 9035 2028 1453
3 9137 9578 4069
3 221 392 4504
3 1536 40 2956
3 3021 6332 3875
3 3347 6353 9659
3 8486 1161 5181
3 9114 2892 3887
3 9838 4994 4736
3 1678 5233 8028
3 1688 3789 6127
3 2837 2412 8022
3 3651 5066 6818
3 5628 4982 4097
3 6448 2469 6175
3 6925 4877 6229
3 7078 725 9709
3 7602 802 842
3 7850 168 4688
3 7889 2059 840
3 31 7959 8438
3 6148 8663 644
3 6232 9820 511
3 502 2307 1426
3 739 7632 5106
3 1009 1778 9540
3 2683 6944 639
3 2685 2101 7859
3 4291 9394 343
3 5125 8543 4488
3 6328 152 4567
3 7557 9651 9993
3 7694 393 8737
3 78 3012 9489
3 325 1959 1220
3 402 5128 2169
3 615 3841 4689
3 3318 8426 229
3 4549 9015 5558
3 5817 8576 5719
3 6699 9678 7395
3 6725 9595 8950
3 7960 1043 9223
3 613 4099 726
3 1869 2950 68
3 4787 5631 5190
3 5959 8804 6952
3 6473 5882 3679
3 7742 4031 5676
3 34 5422 7971
3 793 7423 1377
3 848 8256 6746
3 2388 8643 7803
3 6034 1165 1807
3 9227 1080 9957
3 953 1979 3123
3 2242 7314 3903
3 2472 7631 2215
3 3555 305 6005
3 3743 8097 153
3 4826 13 252
3 4855 7532 477
3 4880 579 7697
3 6315 7994 860
3 8903 640 2304
3 20 1167 7132
3 413 4723 6225
3 467 5443 4811
3 1270 2002 5731
3 1892 6452 6563
3 3515 76 3509
3 3698 4969 7176
3 5850 7581 7430
3 5881 1502 2137
3 9887 1590 3396
3 9892 740 4451
3 2164 5212 395
3 2669 7496 5146
3 4047 6922 5863
3 4298 5951 8629
3 6357 8571 9274
3 7666 8398 4173
3 9475 57 649
3 346 6046 7826
3 2929 4750 7713
3 3621 6479 3581
3 3665 4078 6095
3 4267 293 3246
3 5950 6674 1369
3 6189 414 3233
3 6291 193 9280
3 1549 2358 4554
3 1586 4246 9830
3 1953 2232 3146
3 2019 2432 2799
3 2527 4245 4279
3 2629 4155 5161
3 2898 9337 3761
3 4679 1416 5829
3 4922 9524 949
3 7036 5346 7951
3 7906 8206 2634
3 8212 1276 3449
3 83 937 8821
3 3902 5026 868
3 4249 554 5895
3 4662 8986 1286
3 6104 568 9105
3 6210 7024 7252
3 6544 1084 2824
3 6740 2533 4653
3 7565 7804 1194
3 8456 9065 9157
3 1504 3261 3748
3 1650 4314 6244
3 2531 3838 7236
3 2751 16 6270
3 3161 4030 9526
3 3482 7194 3930
3 3504 7653 4767
3 4311 9234 7197
3 4747 23 5200
3 9313 2668 3911
3 444 7813 9543
3 1516 4537 4856
3 1793 8229 1118
3 2529 3263 3332
3 3431 3773 1527
3 3806 5714 9635
3 5387 8675 9496
3 6630 1032 1514
3 7743 9294 4328
3 8498 6664 9458
3 982 1250 1532
3 1031 4176 9488
3 2047 2303 9333
3 3174 6294 2442
3 4398 5401 8277
3 4501 6258 3316
3 5672 7018 1201
3 7490 7963 9810
3 8440 8965 1891
3 9692 4001 4841
3 675 8642 9680
3 1296 4623 6510
3 1452 4578 3125
3 1986 4914 7150
3 4892 6828 1618
3 5237 8201 6494
3 6245 7559 2671
3 6612 2264 3880
3 6920 2422 8179
3 8355 2712 4144
3 8952 499 6693
3 9551 1027 8289
3 9958 3513 4775
3 1606 2143 8729
3 3824 4935 5175
3 4713 5834 5043
3 5059 5373 6430
3 5199 5980 4898
3 6569 3407 7622
3 6744 6822 4164
3 6852 225 9022
3 6962 8654 3099
3 8727 8918 858
3 9085 9260 115
3 9251 365 9711
3 459 4447 9655
3 3747 5641 8177
3 4605 9002 9858
3 5769 30 6130
3 6093 9149 8235
3 7761 2328 7237
3 8067 4407 123
3 3147 4095 1058
3 3570 5400 9181
3 5097 7828 2335
3 6604 7418 4562
3 7957 8593 9272
3 8808 3274 8567
3 8897 1806 6846
3 8981 2402 5098
3 185 1898 9611
3 1951 3547 7600
3 6118 7849 9985
3 6600 8382 5471
3 9624 1978 7665
3 94 1669 2220
3 576 1110 7721
3 1132 6766 7899
3 1865 2235 6590
3 2570 2946 7190
3 3355 4156 6126
3 4482 4558 7085
3 5831 8108 9073
3 6002 6323 6727
3 6398 8756 2205
3 6851 8978 2046
3 7048 4325 4546
3 8472 4840 3587
3 1639 4197 6669
3 2240 2466 5944
3 4694 6472 7616
3 5077 5442 8806
3 6078 6090 7315
3 6899 8340 6711
3 6993 7868 5505
3 7127 8388 896
3 7247 8753 9338
3 7273 2591 899
3 8393 473 8572
3 9771 1754 3615
3 9927 2582 9859
3 1288 5019 9613
3 1835 3883 8129
3 2333 5812 7634
3 3078 4804 2216
3 4489 6304 2105
3 5041 6524 7329
3 6223 7805 7460
3 7693 1848 6774
3 8372 8734 4564
3 9745 160 2730
3 516 2294 9013
3 1266 5323 101
3 1271 1774 6560
3 2911 8640 1849
3 3506 143 3324
3 22 1137 1192
3 419 1313 7815
3 1212 3878 1086
3 2234 2549 4172
3 3265 3884 2199
3 3664 5621 5800
3 5140 5189 6803
3 5460 6697 2136
3 5613 6990 6671
3 5702 6739 2754
3 6356 7275 9948
3 8573 9603 8996
3 9003 1653 8021
3 9877 2237 3849
3 3038 4308 4746
3 3281 3933 7491
3 3439 753 2453
3 4312 8994 5134
3 5276 906 5171
3 7121 7123 6064
3 9134 1699 1480
3 417 558 5268
3 2390 2781 4255
3 2793 3402 7686
3 3097 3578 9029
3 4217 7931 550
3 5397 796 4599
3 6063 8773 1170
3 6581 9679 1656
3 9261 1127 1488
3 9744 2417 5598
3 381 4136 4918
3 1461 3873 6636
3 2016 2268 828
3 2289 3782 5523
3 2852 5426 8084
3 4196 5903 6595
3 4394 4818 3817
3 5234 6831 1093
3 6023 8411 1172
3 6035 6414 9844
3 7510 8716 9194
3 9008 219 2444
3 9230 472 3491
3 159 2621 2951
3 1624 1783 3888
3 2406 3131 4630
3 2775 3381 6520
3 4613 6096 7400
3 4678 7117 8166
3 5246 5253 6261
3 6132 8464 133
3 7233 7786 8759
3 8049 9759 2068
3 8316 1814 3300
3 8789 8793 9901
3 217 1627 4094
3 279 1665 1221
3 845 893 6517
3 1404 2731 6373
3 1867 1985 2334
3 3262 3965 4910
3 3334 3442 5966
3 3783 5736 6432
3 5770 6227 8633
3 6529 7309 7684
3 6953 1208 4932
3 7788 8618 2750
3 7903 8539 3401
3 8987 1781 2281
3 218 1801 3584
3 610 1836 9502
3 2065 3312 3744
3 2554 2987 401
3 2711 4088 4479
3 3721 5577 651
3 4193 6180 9535
3 4487 5313 7675
3 5391 5398 1904
3 5586 5917 3539
3 5972 7501 2722
3 7925 7969 9534
3 8165 4894 7110
3 9575 990 1899
3 669 1184 3445
3 1646 3927 89
3 3862 5064 7898
3 5104 5132 7980
3 5370 545 3076
3 6417 6586 1292
3 6812 2326 3929
3 7371 9200 2376
3 7388 1638 3411
3 8665 2184 4538
3 9660 934 3085
3 1716 2464 3216
3 2947 4428 8638
3 3124 4529 249
3 3947 4981 7672
3 4544 5599 771
3 5481 9754 144
3 5594 7502 7695
3 7065 7289 1935
3 8694 292 2173
3 9770 9882 1130
3 9846 163 1928
3 9941 977 1299
3 757 3521 5345
3 827 1683 2480
3 2087 2560 4628
3 3017 3807 6259
3 3424 7043 304
3 4669 5511 8015
3 6405 7907 207
3 6770 8525 8584
3 7664 7902 9356
3 8268 9156 2835
3 8842 9209 1120
3 8934 930 2022
3 894 1138 1870
3 1469 2057 3115
3 2050 6805 288
3 2463 3580 3313
3 2567 6068 7744
3 2990 4163 6973
3 4833 7096 9670
3 5122 6307 6958
3 6409 7608 9140
3 6497 241 4553
3 7177 8732 1209
3 9089 199 5429
3 157 691 6331
3 316 4842 4882
3 618 1331 8273
3 2011 5804 7134
3 3610 3941 4646
3 4149 7223 7274
3 7014 7553 643
3 7962 8709 865
3 8776 287 2564
3 8853 9860 2179
3 9785 3353 7640
3 356 3893 5725
3 728 3178 4948
3 2227 4337 9179
3 3186 3541 5514
3 4392 5192 6897
3 6301 6541 1227
3 6425 7163 7544
3 7216 7642 9225
3 7878 8298 8886
3 8068 8409 1574
3 8502 9152 819
3 9491 108 616
3 862 1652 4468
3 1277 1841 4789
3 1958 1971 2418
3 2288 2805 5329
3 3006 4226 4714
3 3753 4355 5182
3 5060 5578 5663
3 5206 5254 733
3 5550 6513 7019
3 5718 7229 9647
3 6213 8870 1809
3 6387 6904 9367
3 7298 7546 1495
3 7795 186 2563
3 8534 8645 867
3 9100 9863 2163
3 9406 784 3425
3 9710 425 4143
3 2239 3536 4508
3 2841 4598 5741
3 3438 3798 5424
3 4634 5658 7948
3 5534 5612 5848
3 5825 6087 8141
3 5952 7087 800
3 6629 6796 8310
3 6814 8941 9172
3 8740 769 1376
3 9232 9329 348
3 9553 9617 9885
3 9870 347 3812
3 226 1479 2577
3 378 2201 3209
3 1563 1661 1700
3 1615 2318 2344
3 2435 2689 4791
3 3208 3712 5573
3 4693 5611 8564
3 5510 7091 1403
3 5771 9423 9590
3 5958 6484 9582
3 6620 9570 128
3 7349 789 4518
3 7556 1099 4726
3 9158 383 719
3 189 2152 4290
3 1685 3917 4906
3 4403 6748 9314
3 4986 7333 7799
3 6125 7434 7441
3 6253 7365 8309
3 8103 8771 9876
3 8321 9555 441
3 9346 9862 415
3 349 1196 4709
3 633 1494 3213
3 958 1235 1949
3 1131 1788 4211
3 1909 2451 2586
2 2012 5183
2 2470 4939
2 5294 5316
2 5409 6917
2 6692 7758
2 6701 7140
2 7060 7580
2 7459 7541
2 7835 8493
2 7946 8086
2 8064 9954
2 8347 863
2 9205 703
2 9819 203
2 291 361
2 831 1188
2 1119 1180
2 1230 1284
2 1679 1799
2 1868 2878
2 1993 2382
2 2356 2550
2 3327 3784
2 3859 5343
2 3860 4996
2 3949 5148
2 5379 8686
2 6279 6456
2 6457 8080
2 8282 8960
2 8379 9737
2 9323 4
2 280 693
2 388 405
2 509 782
2 935 1335
2 1105 2384
2 1323 1611
2 1732 1818
2 2035 2483
2 2498 4621
2 3247 3821
2 5410 6843
2 5694 7507
2 5779 8406
2 7479 7669
2 7807 7965
2 8412 227
2 8726 9372
2 8875 1046
2 9999 200
2 258 1111
2 268 2324
2 922 1074
2 1133 2378
2 1135 2789
2 2579 3394
2 3787 4254
2 4330 4344
2 4632 4633
2 4664 4675
2 4734 4950
2 5051 5833
2 5699 6085
2 6233 7307
2 6407 8970
2 7251 318
2 7753 8784
2 8410 8985
2 8955 9102
2 9663 662
2 9807 376
2 811 983
2 1029 1553
2 1987 2086
2 2311 2373
2 2386 2405
2 2541 2942
2 3292 4107
2 3386 3639
2 3389 3922
2 4461 4979
2 5356 6500
2 5844 5977
2 6635 7791
2 6983 8523
2 7667 8461
2 8791 9636
2 9604 342
2 9701 9724
2 9742 173
2 491 741
2 794 2030
2 2410 2508
2 2676 2715
2 3199 3385
2 3827 4425
2 4371 7322
2 5005 5177
2 5327 6158
2 6371 6434
2 7092 7399
2 8164 8602
2 8374 8491
2 8731 9162
2 9148 9186
2 9533 9557
2 9632 621
2 9644 9717
2 409 872
2 1534 1918
2 1992 2883
2 2825 3008
2 3756 3819
2 3866 4220
2 4273 4369
2 4810 5413
2 5187 5266
2 5885 6242
2 6254 6420
2 6647 7627
2 7340 7820
2 7706 7992
2 8136 8872
2 8725 821
2 9342 9773
2 69 917
2 148 984
2 195 1206
2 1045 1329
2 1063 1415
2 1439 2934
2 1554 1705
2 1897 1969
2 2747 3225
2 3267 3799
2 3794 3935
2 4323 4978
2 4435 4651
2 5073 5210
2 5399 5643
2 5957 6678
2 7069 8857
2 7228 7636
2 7712 7832
2 9282 312
2 9609 435
2 9977 483
2 437 605
2 508 652
2 901 1610
2 1731 2172
2 2166 2427
2 2503 3058
2 2803 2873
2 2884 3144
2 3227 3466
2 3474 4237
2 3620 4260
2 4032 4103
2 4214 4356
2 4535 5045
2 4807 5167
2 5265 5361
2 5470 7165
2 5840 5853
2 5883 6234
2 5979 6480
2 6174 6499
2 7033 7243
2 7093 7393
2 7264 7938
2 7276 7736
2 7408 8613
2 7547 9963
2 8728 8879
2 8758 194
2 9159 9327
2 9362 1654
2 179 2330
2 987 2425
2 1305 2996
2 2500 3636
2 4224 5350
2 4372 4758
2 4822 4860
2 5340 5745
2 5508 6077
2 6654 6841
2 6675 6901
2 7097 7172
2 7416 7588
2 7793 8142
2 7915 8395
2 8507 8535
2 8570 8778
2 8770 9070
2 8780 9011
2 9775 9787
2 9822 111
2 118 184
2 192 209
2 303 1142
2 596 2170
2 2206 3476
2 2556 3082
2 2769 3530
2 3879 4891
2 3984 4732
2 4577 6853
2 4890 4972
2 6187 7059
2 7427 7789
2 7639 8144
2 8117 8311
2 8786 9749
2 8877 9380
2 9415 729
2 478 482
2 1614 1728
2 1831 2520
2 3044 3189
2 3777 4175
2 4285 4376
2 5067 7086
2 5107 5557
2 5279 6128
2 6141 7098
2 7561 7856
2 7578 7883
2 7942 8038
2 8114 8961
2 8224 8405
2 8361 8417
2 8975 9264
2 9218 9571
2 9421 9931
2 121 274
2 230 908
2 1485 1695
2 1517 2512
2 1972 2771
2 2485 2808
2 2812 4523
2 2974 3716
2 3493 3717
2 3727 4952
2 4724 5747
2 5696 6614
2 5906 5993
2 5983 6902
2 6156 6308
2 6411 7075
2 7590 7741
2 8061 8244
2 8135 9556
2 8272 9436
2 156 1350
2 781 1496
2 1625 3685
2 2039 2098
2 4232 4470
2 4699 4899
2 5483 6177
2 5504 6682
2 6559 7077
2 6720 6833
2 6937 7045
2 7187 7483
2 7606 7847
2 8002 8462
2 8009 256
2 8075 8530
2 9031 9793
2 61 311
2 424 507
2 574 833
2 1177 1226
2 1283 1937
2 1749 2110
2 2271 2272
2 2532 2602
2 2827 3635
2 4063 4098
2 4333 4845
2 5213 5304
2 5533 5727
2 5617 5870
2 6265 6429
2 6428 6545
2 6607 7730
2 7017 7864
2 8011 8045
2 8110 8561
2 8220 8542
2 8500 9736
2 8698 8797
2 8880 81
2 9126 428
2 682 866
2 795 1006
2 1171 1326
2 1501 1513
2 1634 1753
2 1696 1917
2 1804 1984
2 2231 2298
2 2447 3023
2 2657 4297
2 3053 3059
2 3108 3690
2 3307 4427
2 4440 5158
2 4588 4876
2 4913 5023
2 4966 4980
2 5260 5262
2 5377 5382
2 5783 5938
2 6026 7248
2 6971 7404
2 7068 8494
2 7337 7533
2 7550 8556
2 8159 8635
2 8868 9301
2 9357 9686
2 9457 406
2 9498 803
2 538 1166
2 903 1622
2 959 1703
2 1789 2252
2 3268 3993
2 3469 5480
2 4262 4305
2 5008 5754
2 5907 6551
2 6075 6293
2 6539 6998
2 7022 7138
2 7030 7292
2 7139 7367
2 7682 7711
2 7830 7833
2 7929 8190
2 8441 8473
2 8850 8924
2 9007 9296
2 9521 9910
2 9932 182
2 1275 1762
2 1307 2583
2 1932 2357
2 2310 2393
2 2673 3266
2 2900 3361
2 3205 4591
2 3534 3846
2 4770 5472
2 5585 5910
2 5632 6021
2 6098 6237
2 6257 8555
2 6412 6617
2 7067 7584
2 7453 7514
2 8592 8968
2 9823 658
2 603 668
2 1149 1191
2 1824 2138
2 2645 3286
2 3154 3416
2 3705 4060
2 3854 3963
2 4019 4048
2 4283 4453
2 4793 4893
2 4830 4923
2 4843 5693
2 4851 5010
2 5281 5900
2 5926 6848
2 6393 6519
2 6533 6799
2 6859 7102
2 7129 7688
2 7281 9042
2 7523 9577
2 9044 9698
2 9548 25
2 224 275
2 341 452
2 698 1190
2 921 1612
2 1770 1878
2 2026 2385
2 2546 2664
2 2899 3382
2 2928 2961
2 3169 3810
2 3591 3994
2 3611 3803
2 4236 4911
2 4571 5100
2 5430 6222
2 5640 6040
2 6454 6643
2 6961 7574
2 7000 8001
2 7071 7985
2 7658 9297
2 8085 8541
2 9189 9411
2 9311 27
2 9861 238
2 9914 54
2 319 468
2 526 582
2 659 746
2 886 972
2 1302 2153
2 1775 2656
2 2280 2662
2 2709 3454
2 3523 3619
2 3696 4009
2 3719 3990
2 4691 5809
2 5538 5838
2 5828 6119
2 6031 6185
2 6195 6334
2 6290 7852
2 6509 6592
2 6862 6923
2 7782 7890
2 8000 8231
2 8334 9146
2 8554 9059
2 9101 9229
2 9204 9270
2 9554 180
2 9972 412
2 999 1134
2 1316 1777
2 1667 1873
2 2038 2980
2 2525 3156
2 3413 3754
2 4209 4821
2 4525 5386
2 5549 5635
2 6199 6516
2 6283 6391
2 6491 6772
2 6850 7504
2 7011 8109
2 7261 7488
2 8034 9024
2 8118 9825
2 9720 379
2 9933 422
2 573 1087
2 1237 1725
2 1308 2010
2 1880 2154
2 2758 3645
2 3383 3843
2 4034 4252
2 4132 4520
2 4174 4556
2 4581 4987
2 4705 5257
2 5014 5227
2 5697 5778
2 5859 6163
2 5949 6792
2 7222 8098
2 8318 8546
2 8344 8508
2 8757 9336
2 9150 9400
2 154 533
2 360 583
2 911 1290
2 986 1374
2 1401 1664
2 1915 1964
2 2431 2733
2 2706 2858
2 3201 3628
2 3340 3643
2 3546 4062
2 3788 4438
2 4976 5049
2 5029 5108
2 5153 5342
2 5406 5466
2 5527 5539
2 5619 5820
2 6631 7005
2 7042 7822
